23:27:42.348 [TestNG-PoolService-3] INFO  stepdefinitions.RegisterSteps - clicks on login button
23:27:42.437 [TestNG-PoolService-2] INFO  stepdefinitions.RegisterSteps - clicks on login button
23:27:42.626 [TestNG-PoolService-4] INFO  stepdefinitions.RegisterSteps - Filling account information (title, password, DOB)
23:27:42.736 [TestNG-PoolService-3] INFO  stepdefinitions.RegisterSteps - Verifying user is logged in
23:27:43.896 [TestNG-PoolService-1] INFO  stepdefinitions.RegisterSteps - User clicks Continue Shopping button
23:27:44.129 [TestNG-PoolService-4] INFO  stepdefinitions.RegisterSteps - Selecting newsletter and offers checkboxes
23:27:44.879 [TestNG-PoolService-4] INFO  stepdefinitions.RegisterSteps - Filling address details
23:27:45.040 [TestNG-PoolService-1] INFO  stepdefinitions.RegisterSteps - User hovers over second product and adds it to cart
23:27:46.301 [TestNG-PoolService-2] INFO  stepdefinitions.RegisterSteps - verifying error message is displayed or not
23:27:47.734 [TestNG-PoolService-4] INFO  stepdefinitions.RegisterSteps - Clicking Create Account button
23:27:47.796 [TestNG-PoolService-1] INFO  stepdefinitions.RegisterSteps - User clicks View Cart button
23:27:51.599 [TestNG-PoolService-1] INFO  stepdefinitions.RegisterSteps - Verifying both products are visible in the cart
23:27:51.687 [TestNG-PoolService-4] INFO  stepdefinitions.RegisterSteps - Verifying Account Created message
23:27:51.821 [TestNG-PoolService-4] INFO  stepdefinitions.RegisterSteps - Clicking Continue button
23:27:52.291 [TestNG-PoolService-1] INFO  stepdefinitions.RegisterSteps - Verifying prices, quantity and total price of products
23:27:54.661 [TestNG-PoolService-4] INFO  stepdefinitions.RegisterSteps - Verifying user is logged in
23:27:54.747 [TestNG-PoolService-4] INFO  stepdefinitions.RegisterSteps - Clicking Delete Account button
23:27:57.538 [TestNG-PoolService-4] INFO  stepdefinitions.RegisterSteps - Verifying Account Deleted message
23:27:57.684 [TestNG-PoolService-4] INFO  stepdefinitions.RegisterSteps - Clicking Continue after deletion
12:52:00.749 [TestNG-PoolService-3] INFO  stepdefinitions.RegisterSteps - Launching browser
12:52:00.749 [TestNG-PoolService-2] INFO  stepdefinitions.RegisterSteps - Launching browser
12:52:00.749 [TestNG-PoolService-1] INFO  stepdefinitions.RegisterSteps - Launching browser
12:52:00.749 [TestNG-PoolService-4] INFO  stepdefinitions.RegisterSteps - Launching browser
12:52:00.774 [TestNG-PoolService-1] INFO  stepdefinitions.RegisterSteps - Navigating to URL: https://automationexercise.com
12:52:00.774 [TestNG-PoolService-3] INFO  stepdefinitions.RegisterSteps - Navigating to URL: https://automationexercise.com
12:52:00.774 [TestNG-PoolService-4] INFO  stepdefinitions.RegisterSteps - Navigating to URL: https://automationexercise.com
12:52:00.774 [TestNG-PoolService-2] INFO  stepdefinitions.RegisterSteps - Navigating to URL: https://automationexercise.com
12:52:01.597 [TestNG-PoolService-3] INFO  stepdefinitions.RegisterSteps - Verifying home page is visible
12:52:04.376 [TestNG-PoolService-1] INFO  stepdefinitions.RegisterSteps - Verifying home page is visible
12:52:04.614 [TestNG-PoolService-1] INFO  stepdefinitions.RegisterSteps - User clicks on Products button
12:52:04.834 [TestNG-PoolService-4] INFO  stepdefinitions.RegisterSteps - Verifying home page is visible
12:52:05.019 [TestNG-PoolService-4] INFO  stepdefinitions.RegisterSteps - Clicking Signup/Login button
12:52:05.277 [TestNG-PoolService-3] INFO  stepdefinitions.RegisterSteps - Clicking Signup/Login button
12:52:06.930 [TestNG-PoolService-2] INFO  stepdefinitions.RegisterSteps - Verifying home page is visible
12:52:07.102 [TestNG-PoolService-2] INFO  stepdefinitions.RegisterSteps - Clicking Signup/Login button
12:52:07.799 [TestNG-PoolService-1] INFO  stepdefinitions.RegisterSteps - User hovers over first product and adds it to cart
12:52:08.696 [TestNG-PoolService-3] INFO  stepdefinitions.RegisterSteps - verifing login to your account test is visible
12:52:09.272 [TestNG-PoolService-3] INFO  stepdefinitions.RegisterSteps - entering eamil and password
12:52:10.021 [TestNG-PoolService-4] INFO  stepdefinitions.RegisterSteps - Verifying New User Signup text
12:52:10.674 [TestNG-PoolService-4] INFO  stepdefinitions.RegisterSteps - Entering name and email
12:52:11.233 [TestNG-PoolService-1] INFO  stepdefinitions.RegisterSteps - User clicks Continue Shopping button
12:52:12.132 [TestNG-PoolService-2] INFO  stepdefinitions.RegisterSteps - verifing login to your account test is visible
12:52:12.237 [TestNG-PoolService-1] INFO  stepdefinitions.RegisterSteps - User hovers over second product and adds it to cart
12:52:13.546 [TestNG-PoolService-4] INFO  stepdefinitions.RegisterSteps - Clicking Signup button
12:52:15.912 [TestNG-PoolService-3] INFO  stepdefinitions.RegisterSteps - clicks on login button
12:52:17.179 [TestNG-PoolService-1] INFO  stepdefinitions.RegisterSteps - User clicks View Cart button
