12:13:50.786 [TestNG-PoolService-4] INFO  stepdefinitions.TC1_RegisterSteps - Verifying Account Deleted message
12:13:50.917 [TestNG-PoolService-4] INFO  stepdefinitions.TC1_RegisterSteps - Clicking Continue after deletion
12:20:07.583 [TestNG-PoolService-1] INFO  stepdefinitions.TC1_RegisterSteps - Launching browser
12:20:07.583 [TestNG-PoolService-5] INFO  stepdefinitions.TC1_RegisterSteps - Launching browser
12:20:07.584 [TestNG-PoolService-4] INFO  stepdefinitions.TC1_RegisterSteps - Launching browser
12:20:07.583 [TestNG-PoolService-2] INFO  stepdefinitions.TC1_RegisterSteps - Launching browser
12:20:07.583 [TestNG-PoolService-3] INFO  stepdefinitions.TC1_RegisterSteps - Launching browser
12:20:07.614 [TestNG-PoolService-4] INFO  stepdefinitions.TC1_RegisterSteps - Navigating to URL: https://automationexercise.com
12:20:07.614 [TestNG-PoolService-5] INFO  stepdefinitions.TC1_RegisterSteps - Navigating to URL: https://automationexercise.com
12:20:07.614 [TestNG-PoolService-3] INFO  stepdefinitions.TC1_RegisterSteps - Navigating to URL: https://automationexercise.com
12:20:07.616 [TestNG-PoolService-2] INFO  stepdefinitions.TC1_RegisterSteps - Navigating to URL: https://automationexercise.com
12:20:07.614 [TestNG-PoolService-1] INFO  stepdefinitions.TC1_RegisterSteps - Navigating to URL: https://automationexercise.com
12:20:09.162 [TestNG-PoolService-3] INFO  stepdefinitions.TC1_RegisterSteps - Verifying home page is visible
12:20:09.464 [TestNG-PoolService-4] INFO  stepdefinitions.TC1_RegisterSteps - Verifying home page is visible
12:20:09.760 [TestNG-PoolService-2] INFO  stepdefinitions.TC1_RegisterSteps - Verifying home page is visible
12:20:15.087 [TestNG-PoolService-5] INFO  stepdefinitions.TC1_RegisterSteps - Verifying home page is visible
12:20:15.511 [TestNG-PoolService-1] INFO  stepdefinitions.TC1_RegisterSteps - Verifying home page is visible
12:20:16.030 [TestNG-PoolService-2] INFO  stepdefinitions.TC1_RegisterSteps - Clicking Signup/Login button
12:20:16.688 [TestNG-PoolService-5] INFO  stepdefinitions.TC5_RemoveFromCartSteps - User adds products to cart
12:20:16.694 [TestNG-PoolService-1] INFO  stepdefinitions.TC1_RegisterSteps - User clicks on Products button
12:20:16.880 [TestNG-PoolService-4] INFO  stepdefinitions.TC1_RegisterSteps - Clicking Signup/Login button
12:20:16.994 [TestNG-PoolService-3] INFO  stepdefinitions.TC1_RegisterSteps - Clicking Signup/Login button
12:20:21.729 [TestNG-PoolService-4] INFO  stepdefinitions.TC1_RegisterSteps - Verifying New User Signup text
12:20:22.592 [TestNG-PoolService-3] INFO  stepdefinitions.TC1_RegisterSteps - verifing login to your account test is visible
12:20:23.323 [TestNG-PoolService-3] INFO  stepdefinitions.TC1_RegisterSteps - entering eamil and password
12:20:23.342 [TestNG-PoolService-2] INFO  stepdefinitions.TC1_RegisterSteps - verifing login to your account test is visible
12:20:23.498 [TestNG-PoolService-4] INFO  stepdefinitions.TC1_RegisterSteps - Entering name and email
12:20:23.664 [TestNG-PoolService-2] INFO  stepdefinitions.TC1_RegisterSteps - entering incorrect eamil and password
12:20:24.630 [TestNG-PoolService-4] INFO  stepdefinitions.TC1_RegisterSteps - Clicking Signup button
12:20:28.627 [TestNG-PoolService-4] INFO  stepdefinitions.TC1_RegisterSteps - Filling account information (title, password, DOB)
12:20:29.357 [TestNG-PoolService-3] INFO  stepdefinitions.TC1_RegisterSteps - clicks on login button
12:20:29.364 [TestNG-PoolService-2] INFO  stepdefinitions.TC1_RegisterSteps - clicks on login button
12:20:30.996 [TestNG-PoolService-5] INFO  stepdefinitions.TC5_RemoveFromCartSteps - User clicks Cart button
12:20:33.844 [TestNG-PoolService-2] INFO  stepdefinitions.TC1_RegisterSteps - verifying error message is displayed or not
12:20:34.180 [TestNG-PoolService-5] INFO  stepdefinitions.TC5_RemoveFromCartSteps - Verifying cart page is displayed
12:20:35.196 [TestNG-PoolService-3] INFO  stepdefinitions.TC1_RegisterSteps - Verifying user is logged in
12:20:35.205 [TestNG-PoolService-5] INFO  stepdefinitions.TC5_RemoveFromCartSteps - User clicks delete (X) button of product
12:20:37.392 [TestNG-PoolService-5] INFO  stepdefinitions.TC5_RemoveFromCartSteps - Verifying product is removed from cart
12:20:37.943 [TestNG-PoolService-4] INFO  stepdefinitions.TC1_RegisterSteps - Selecting newsletter and offers checkboxes
12:20:38.743 [TestNG-PoolService-4] INFO  stepdefinitions.TC1_RegisterSteps - Filling address details
12:20:42.579 [TestNG-PoolService-4] INFO  stepdefinitions.TC1_RegisterSteps - Clicking Create Account button
12:20:48.546 [TestNG-PoolService-4] INFO  stepdefinitions.TC1_RegisterSteps - Verifying Account Created message
12:20:48.784 [TestNG-PoolService-4] INFO  stepdefinitions.TC1_RegisterSteps - Clicking Continue button
12:20:51.784 [TestNG-PoolService-4] INFO  stepdefinitions.TC1_RegisterSteps - Verifying user is logged in
12:20:51.962 [TestNG-PoolService-4] INFO  stepdefinitions.TC1_RegisterSteps - Clicking Delete Account button
