14:13:34.939 [TestNG-PoolService-5] INFO  stepdefinitions.TC5_RemoveFromCartSteps - Verifying product is removed from cart
14:13:35.693 [TestNG-PoolService-1] INFO  stepdefinitions.TC1_RegisterSteps - Verifying prices, quantity and total price of products
14:13:37.550 [TestNG-PoolService-4] INFO  stepdefinitions.TC1_RegisterSteps - Verifying Account Created message
14:13:37.624 [TestNG-PoolService-4] INFO  stepdefinitions.TC1_RegisterSteps - Clicking Continue button
14:13:43.829 [TestNG-PoolService-4] INFO  stepdefinitions.TC1_RegisterSteps - Verifying user is logged in
14:13:43.972 [TestNG-PoolService-4] INFO  stepdefinitions.TC1_RegisterSteps - Clicking Delete Account button
14:13:49.794 [TestNG-PoolService-4] INFO  stepdefinitions.TC1_RegisterSteps - Verifying Account Deleted message
14:13:49.886 [TestNG-PoolService-4] INFO  stepdefinitions.TC1_RegisterSteps - Clicking Continue after deletion
14:24:19.904 [TestNG-PoolService-3] INFO  stepdefinitions.TC1_RegisterSteps - Launching browser
14:24:19.904 [TestNG-PoolService-4] INFO  stepdefinitions.TC1_RegisterSteps - Launching browser
14:24:19.904 [TestNG-PoolService-2] INFO  stepdefinitions.TC1_RegisterSteps - Launching browser
14:24:19.904 [TestNG-PoolService-1] INFO  stepdefinitions.TC1_RegisterSteps - Launching browser
14:24:19.904 [TestNG-PoolService-5] INFO  stepdefinitions.TC1_RegisterSteps - Launching browser
14:24:19.925 [TestNG-PoolService-5] INFO  stepdefinitions.TC1_RegisterSteps - Navigating to URL: https://automationexercise.com
14:24:19.927 [TestNG-PoolService-1] INFO  stepdefinitions.TC1_RegisterSteps - Navigating to URL: https://automationexercise.com
14:24:19.925 [TestNG-PoolService-4] INFO  stepdefinitions.TC1_RegisterSteps - Navigating to URL: https://automationexercise.com
14:24:19.925 [TestNG-PoolService-3] INFO  stepdefinitions.TC1_RegisterSteps - Navigating to URL: https://automationexercise.com
14:24:19.929 [TestNG-PoolService-2] INFO  stepdefinitions.TC1_RegisterSteps - Navigating to URL: https://automationexercise.com
14:24:20.776 [TestNG-PoolService-1] INFO  stepdefinitions.TC1_RegisterSteps - Verifying home page is visible
14:24:21.351 [TestNG-PoolService-2] INFO  stepdefinitions.TC1_RegisterSteps - Verifying home page is visible
14:24:22.009 [TestNG-PoolService-5] INFO  stepdefinitions.TC1_RegisterSteps - Verifying home page is visible
14:24:25.030 [TestNG-PoolService-3] INFO  stepdefinitions.TC1_RegisterSteps - Verifying home page is visible
14:24:25.304 [TestNG-PoolService-4] INFO  stepdefinitions.TC1_RegisterSteps - Verifying home page is visible
14:24:25.450 [TestNG-PoolService-3] INFO  stepdefinitions.TC1_RegisterSteps - Clicking Signup/Login button
14:24:25.453 [TestNG-PoolService-1] INFO  stepdefinitions.TC1_RegisterSteps - User clicks on Products button
14:24:25.473 [TestNG-PoolService-2] INFO  stepdefinitions.TC1_RegisterSteps - Clicking Signup/Login button
14:24:25.696 [TestNG-PoolService-4] INFO  stepdefinitions.TC1_RegisterSteps - Clicking Signup/Login button
14:24:25.891 [TestNG-PoolService-5] INFO  stepdefinitions.TC5_RemoveFromCartSteps - User adds products to cart
14:24:29.564 [TestNG-PoolService-3] INFO  stepdefinitions.TC1_RegisterSteps - verifing login to your account test is visible
14:24:29.653 [TestNG-PoolService-1] INFO  stepdefinitions.TC1_RegisterSteps - User hovers over first product and adds it to cart
14:24:29.952 [TestNG-PoolService-3] INFO  stepdefinitions.TC1_RegisterSteps - entering eamil and password
14:24:30.128 [TestNG-PoolService-2] INFO  stepdefinitions.TC1_RegisterSteps - verifing login to your account test is visible
14:24:30.242 [TestNG-PoolService-4] INFO  stepdefinitions.TC1_RegisterSteps - Verifying New User Signup text
14:24:30.624 [TestNG-PoolService-2] INFO  stepdefinitions.TC1_RegisterSteps - entering incorrect eamil and password
14:24:30.918 [TestNG-PoolService-4] INFO  stepdefinitions.TC1_RegisterSteps - Entering name and email
14:24:31.626 [TestNG-PoolService-4] INFO  stepdefinitions.TC1_RegisterSteps - Clicking Signup button
14:24:33.076 [TestNG-PoolService-1] INFO  stepdefinitions.TC1_RegisterSteps - User clicks Continue Shopping button
14:24:34.015 [TestNG-PoolService-2] INFO  stepdefinitions.TC1_RegisterSteps - clicks on login button
14:24:34.021 [TestNG-PoolService-3] INFO  stepdefinitions.TC1_RegisterSteps - clicks on login button
14:24:34.075 [TestNG-PoolService-1] INFO  stepdefinitions.TC1_RegisterSteps - User hovers over second product and adds it to cart
14:24:34.853 [TestNG-PoolService-4] INFO  stepdefinitions.TC1_RegisterSteps - Filling account information (title, password, DOB)
14:24:37.630 [TestNG-PoolService-2] INFO  stepdefinitions.TC1_RegisterSteps - verifying error message is displayed or not
14:24:37.983 [TestNG-PoolService-1] INFO  stepdefinitions.TC1_RegisterSteps - User clicks View Cart button
14:24:39.529 [TestNG-PoolService-3] INFO  stepdefinitions.TC1_RegisterSteps - Verifying user is logged in
14:24:40.755 [TestNG-PoolService-4] INFO  stepdefinitions.TC1_RegisterSteps - Selecting newsletter and offers checkboxes
