21:59:46.406 [TestNG-PoolService-4] INFO  stepdefinitions.TC1_RegisterSteps - Verifying home page is visible
21:59:46.452 [TestNG-PoolService-2] INFO  stepdefinitions.TC1_RegisterSteps - Verifying home page is visible
21:59:46.549 [TestNG-PoolService-4] INFO  stepdefinitions.TC1_RegisterSteps - Clicking Signup/Login button
21:59:46.572 [TestNG-PoolService-2] INFO  stepdefinitions.TC1_RegisterSteps - Clicking Signup/Login button
21:59:46.576 [TestNG-PoolService-1] INFO  stepdefinitions.TC1_RegisterSteps - User clicks on Products button
21:59:46.626 [TestNG-PoolService-3] INFO  stepdefinitions.TC1_RegisterSteps - Verifying home page is visible
21:59:46.769 [TestNG-PoolService-3] INFO  stepdefinitions.TC1_RegisterSteps - Clicking Signup/Login button
21:59:46.878 [TestNG-PoolService-5] INFO  stepdefinitions.TC5_RemoveFromCartSteps - User adds products to cart
21:59:49.489 [TestNG-PoolService-4] INFO  stepdefinitions.TC1_RegisterSteps - Verifying New User Signup text
21:59:49.503 [TestNG-PoolService-2] INFO  stepdefinitions.TC1_RegisterSteps - verifing login to your account test is visible
21:59:49.554 [TestNG-PoolService-4] INFO  stepdefinitions.TC1_RegisterSteps - Entering name and email
21:59:49.558 [TestNG-PoolService-2] INFO  stepdefinitions.TC1_RegisterSteps - entering incorrect eamil and password
21:59:49.749 [TestNG-PoolService-1] INFO  stepdefinitions.TC1_RegisterSteps - User hovers over first product and adds it to cart
21:59:49.806 [TestNG-PoolService-3] INFO  stepdefinitions.TC1_RegisterSteps - verifing login to your account test is visible
21:59:49.920 [TestNG-PoolService-3] INFO  stepdefinitions.TC1_RegisterSteps - entering eamil and password
21:59:50.208 [TestNG-PoolService-4] INFO  stepdefinitions.TC1_RegisterSteps - Clicking Signup button
21:59:52.033 [TestNG-PoolService-3] INFO  stepdefinitions.TC1_RegisterSteps - clicks on login button
21:59:52.077 [TestNG-PoolService-2] INFO  stepdefinitions.TC1_RegisterSteps - clicks on login button
21:59:52.821 [TestNG-PoolService-1] INFO  stepdefinitions.TC1_RegisterSteps - User clicks Continue Shopping button
21:59:53.038 [TestNG-PoolService-4] INFO  stepdefinitions.TC1_RegisterSteps - Filling account information (title, password, DOB)
21:59:53.762 [TestNG-PoolService-1] INFO  stepdefinitions.TC1_RegisterSteps - User hovers over second product and adds it to cart
21:59:54.157 [TestNG-PoolService-4] INFO  stepdefinitions.TC1_RegisterSteps - Selecting newsletter and offers checkboxes
21:59:54.880 [TestNG-PoolService-4] INFO  stepdefinitions.TC1_RegisterSteps - Filling address details
21:59:55.074 [TestNG-PoolService-2] INFO  stepdefinitions.TC1_RegisterSteps - verifying error message is displayed or not
21:59:55.927 [TestNG-PoolService-1] INFO  stepdefinitions.TC1_RegisterSteps - User clicks View Cart button
21:59:56.940 [TestNG-PoolService-5] INFO  stepdefinitions.TC5_RemoveFromCartSteps - User clicks Cart button
21:59:58.132 [TestNG-PoolService-3] INFO  stepdefinitions.TC1_RegisterSteps - Verifying user is logged in
21:59:58.243 [TestNG-PoolService-4] INFO  stepdefinitions.TC1_RegisterSteps - Clicking Create Account button
22:00:00.121 [TestNG-PoolService-1] INFO  stepdefinitions.TC1_RegisterSteps - Verifying both products are visible in the cart
22:00:00.844 [TestNG-PoolService-1] INFO  stepdefinitions.TC1_RegisterSteps - Verifying prices, quantity and total price of products
22:00:03.533 [TestNG-PoolService-4] INFO  stepdefinitions.TC1_RegisterSteps - Verifying Account Created message
22:00:03.595 [TestNG-PoolService-4] INFO  stepdefinitions.TC1_RegisterSteps - Clicking Continue button
22:00:06.704 [TestNG-PoolService-4] INFO  stepdefinitions.TC1_RegisterSteps - Verifying user is logged in
22:00:06.757 [TestNG-PoolService-4] INFO  stepdefinitions.TC1_RegisterSteps - Clicking Delete Account button
22:00:09.567 [TestNG-PoolService-4] INFO  stepdefinitions.TC1_RegisterSteps - Verifying Account Deleted message
22:00:09.626 [TestNG-PoolService-4] INFO  stepdefinitions.TC1_RegisterSteps - Clicking Continue after deletion
22:22:25.724 [main] INFO  stepdefinitions.TC1_RegisterSteps - Launching browser
22:22:25.737 [main] INFO  stepdefinitions.TC1_RegisterSteps - Navigating to URL: https://automationexercise.com
22:22:29.680 [main] INFO  stepdefinitions.TC1_RegisterSteps - Verifying home page is visible
22:22:29.752 [main] INFO  stepdefinitions.TC1_RegisterSteps - Clicking Signup/Login button
22:22:32.436 [main] INFO  stepdefinitions.TC1_RegisterSteps - verifing login to your account test is visible
22:22:32.486 [main] INFO  stepdefinitions.TC1_RegisterSteps - entering eamil and password
22:22:33.947 [main] INFO  stepdefinitions.TC1_RegisterSteps - clicks on login button
22:22:37.377 [main] INFO  stepdefinitions.TC1_RegisterSteps - Verifying user is logged in
22:22:57.071 [main] INFO  stepdefinitions.TC1_RegisterSteps - Launching browser
22:22:57.089 [main] INFO  stepdefinitions.TC1_RegisterSteps - Navigating to URL: https://automationexercise.com
