01:00:48.605 [TestNG-PoolService-1] INFO  stepdefinitions.TC1_RegisterSteps - User clicks Continue Shopping button
01:00:49.029 [TestNG-PoolService-2] INFO  stepdefinitions.TC1_RegisterSteps - verifying error message is displayed or not
01:00:49.676 [TestNG-PoolService-1] INFO  stepdefinitions.TC1_RegisterSteps - User hovers over second product and adds it to cart
01:00:51.187 [TestNG-PoolService-4] INFO  stepdefinitions.TC1_RegisterSteps - Filling account information (title, password, DOB)
01:00:51.558 [TestNG-PoolService-3] INFO  stepdefinitions.TC1_RegisterSteps - Verifying user is logged in
01:00:51.918 [TestNG-PoolService-4] INFO  stepdefinitions.TC1_RegisterSteps - Selecting newsletter and offers checkboxes
01:00:52.682 [TestNG-PoolService-3] INFO  stepdefinitions.TC1_RegisterSteps - Verifying user is logged in
01:00:53.050 [TestNG-PoolService-2] INFO  stepdefinitions.TC1_RegisterSteps - verifying error message is displayed or not
01:00:53.767 [TestNG-PoolService-5] INFO  stepdefinitions.TC5_RemoveFromCartSteps - User clicks Cart button
01:00:54.032 [TestNG-PoolService-1] INFO  stepdefinitions.TC1_RegisterSteps - User clicks View Cart button
01:00:54.220 [TestNG-PoolService-4] INFO  stepdefinitions.TC1_RegisterSteps - Filling address details
01:00:54.234 [TestNG-PoolService-4] INFO  stepdefinitions.TC1_RegisterSteps - Selecting newsletter and offers checkboxes
01:00:55.513 [TestNG-PoolService-4] INFO  stepdefinitions.TC1_RegisterSteps - Filling address details
01:00:58.281 [TestNG-PoolService-5] INFO  stepdefinitions.TC5_RemoveFromCartSteps - Verifying cart page is displayed
01:00:59.724 [TestNG-PoolService-1] INFO  stepdefinitions.TC1_RegisterSteps - Verifying both products are visible in the cart
01:01:00.428 [TestNG-PoolService-4] INFO  stepdefinitions.TC1_RegisterSteps - Clicking Create Account button
01:01:03.397 [TestNG-PoolService-4] INFO  stepdefinitions.TC1_RegisterSteps - Clicking Create Account button
01:01:04.508 [TestNG-PoolService-1] INFO  stepdefinitions.TC1_RegisterSteps - Verifying prices, quantity and total price of products
01:01:05.167 [TestNG-PoolService-5] INFO  stepdefinitions.TC5_RemoveFromCartSteps - User clicks delete (X) button of product
01:01:07.808 [TestNG-PoolService-4] INFO  stepdefinitions.TC1_RegisterSteps - Verifying Account Created message
01:01:08.845 [TestNG-PoolService-5] INFO  stepdefinitions.TC5_RemoveFromCartSteps - Verifying product is removed from cart
01:01:08.881 [TestNG-PoolService-4] INFO  stepdefinitions.TC1_RegisterSteps - Verifying Account Created message
01:01:11.336 [TestNG-PoolService-4] INFO  stepdefinitions.TC1_RegisterSteps - Clicking Continue button
01:01:11.390 [TestNG-PoolService-4] INFO  stepdefinitions.TC1_RegisterSteps - Clicking Continue button
01:01:14.531 [TestNG-PoolService-4] INFO  stepdefinitions.TC1_RegisterSteps - Verifying user is logged in
01:01:14.711 [TestNG-PoolService-4] INFO  stepdefinitions.TC1_RegisterSteps - Verifying user is logged in
01:01:15.147 [TestNG-PoolService-4] INFO  stepdefinitions.TC1_RegisterSteps - Clicking Delete Account button
01:01:15.290 [TestNG-PoolService-4] INFO  stepdefinitions.TC1_RegisterSteps - Clicking Delete Account button
01:01:19.378 [TestNG-PoolService-4] INFO  stepdefinitions.TC1_RegisterSteps - Verifying Account Deleted message
01:01:19.658 [TestNG-PoolService-4] INFO  stepdefinitions.TC1_RegisterSteps - Verifying Account Deleted message
01:01:19.872 [TestNG-PoolService-4] INFO  stepdefinitions.TC1_RegisterSteps - Clicking Continue after deletion
01:01:19.895 [TestNG-PoolService-4] INFO  stepdefinitions.TC1_RegisterSteps - Clicking Continue after deletion
01:02:39.751 [TestNG-PoolService-3] INFO  stepdefinitions.TC1_RegisterSteps - Launching browser
01:02:39.751 [TestNG-PoolService-2] INFO  stepdefinitions.TC1_RegisterSteps - Launching browser
01:02:39.751 [TestNG-PoolService-1] INFO  stepdefinitions.TC1_RegisterSteps - Launching browser
01:02:39.751 [TestNG-PoolService-5] INFO  stepdefinitions.TC1_RegisterSteps - Launching browser
01:02:39.751 [TestNG-PoolService-4] INFO  stepdefinitions.TC1_RegisterSteps - Launching browser
01:02:39.771 [TestNG-PoolService-2] INFO  stepdefinitions.TC1_RegisterSteps - Navigating to URL: https://automationexercise.com
01:02:39.771 [TestNG-PoolService-3] INFO  stepdefinitions.TC1_RegisterSteps - Navigating to URL: https://automationexercise.com
01:02:39.771 [TestNG-PoolService-5] INFO  stepdefinitions.TC1_RegisterSteps - Navigating to URL: https://automationexercise.com
01:02:39.771 [TestNG-PoolService-4] INFO  stepdefinitions.TC1_RegisterSteps - Navigating to URL: https://automationexercise.com
01:02:39.771 [TestNG-PoolService-1] INFO  stepdefinitions.TC1_RegisterSteps - Navigating to URL: https://automationexercise.com
01:02:41.346 [TestNG-PoolService-3] INFO  stepdefinitions.TC1_RegisterSteps - Verifying home page is visible
01:02:41.388 [TestNG-PoolService-2] INFO  stepdefinitions.TC1_RegisterSteps - Verifying home page is visible
