00:53:55.514 [TestNG-PoolService-5] INFO  stepdefinitions.TC5_RemoveFromCartSteps - User clicks Cart button
00:53:57.291 [TestNG-PoolService-4] INFO  stepdefinitions.TC1_RegisterSteps - Selecting newsletter and offers checkboxes
00:54:03.951 [TestNG-PoolService-1] INFO  stepdefinitions.TC1_RegisterSteps - Verifying both products are visible in the cart
00:54:04.453 [TestNG-PoolService-4] INFO  stepdefinitions.TC1_RegisterSteps - Filling address details
00:54:04.766 [TestNG-PoolService-5] INFO  stepdefinitions.TC5_RemoveFromCartSteps - Verifying cart page is displayed
00:54:06.494 [TestNG-PoolService-5] INFO  stepdefinitions.TC5_RemoveFromCartSteps - User clicks delete (X) button of product
00:54:10.207 [TestNG-PoolService-1] INFO  stepdefinitions.TC1_RegisterSteps - Verifying prices, quantity and total price of products
00:54:11.234 [TestNG-PoolService-5] INFO  stepdefinitions.TC5_RemoveFromCartSteps - Verifying product is removed from cart
00:54:14.343 [TestNG-PoolService-4] INFO  stepdefinitions.TC1_RegisterSteps - Clicking Create Account button
00:54:19.232 [TestNG-PoolService-4] INFO  stepdefinitions.TC1_RegisterSteps - Verifying Account Created message
00:54:19.331 [TestNG-PoolService-4] INFO  stepdefinitions.TC1_RegisterSteps - Clicking Continue button
00:54:22.351 [TestNG-PoolService-4] INFO  stepdefinitions.TC1_RegisterSteps - Verifying user is logged in
00:54:22.564 [TestNG-PoolService-4] INFO  stepdefinitions.TC1_RegisterSteps - Clicking Delete Account button
00:54:25.446 [TestNG-PoolService-4] INFO  stepdefinitions.TC1_RegisterSteps - Verifying Account Deleted message
00:54:25.633 [TestNG-PoolService-4] INFO  stepdefinitions.TC1_RegisterSteps - Clicking Continue after deletion
00:59:24.260 [TestNG-PoolService-4] INFO  stepdefinitions.TC1_RegisterSteps - Launching browser
00:59:24.260 [TestNG-PoolService-2] INFO  stepdefinitions.TC1_RegisterSteps - Launching browser
00:59:24.260 [TestNG-PoolService-5] INFO  stepdefinitions.TC1_RegisterSteps - Launching browser
00:59:24.260 [TestNG-PoolService-1] INFO  stepdefinitions.TC1_RegisterSteps - Launching browser
00:59:24.260 [TestNG-PoolService-3] INFO  stepdefinitions.TC1_RegisterSteps - Launching browser
00:59:24.280 [TestNG-PoolService-5] INFO  stepdefinitions.TC1_RegisterSteps - Navigating to URL: https://automationexercise.com
00:59:24.280 [TestNG-PoolService-3] INFO  stepdefinitions.TC1_RegisterSteps - Navigating to URL: https://automationexercise.com
00:59:24.280 [TestNG-PoolService-1] INFO  stepdefinitions.TC1_RegisterSteps - Navigating to URL: https://automationexercise.com
00:59:24.280 [TestNG-PoolService-2] INFO  stepdefinitions.TC1_RegisterSteps - Navigating to URL: https://automationexercise.com
00:59:24.280 [TestNG-PoolService-4] INFO  stepdefinitions.TC1_RegisterSteps - Navigating to URL: https://automationexercise.com
00:59:25.299 [TestNG-PoolService-5] INFO  stepdefinitions.TC1_RegisterSteps - Launching browser
00:59:25.299 [TestNG-PoolService-1] INFO  stepdefinitions.TC1_RegisterSteps - Launching browser
00:59:25.299 [TestNG-PoolService-4] INFO  stepdefinitions.TC1_RegisterSteps - Launching browser
00:59:25.299 [TestNG-PoolService-3] INFO  stepdefinitions.TC1_RegisterSteps - Launching browser
00:59:25.299 [TestNG-PoolService-2] INFO  stepdefinitions.TC1_RegisterSteps - Launching browser
00:59:25.338 [TestNG-PoolService-1] INFO  stepdefinitions.TC1_RegisterSteps - Navigating to URL: https://automationexercise.com
00:59:25.339 [TestNG-PoolService-5] INFO  stepdefinitions.TC1_RegisterSteps - Navigating to URL: https://automationexercise.com
00:59:25.339 [TestNG-PoolService-2] INFO  stepdefinitions.TC1_RegisterSteps - Navigating to URL: https://automationexercise.com
00:59:25.338 [TestNG-PoolService-3] INFO  stepdefinitions.TC1_RegisterSteps - Navigating to URL: https://automationexercise.com
00:59:25.339 [TestNG-PoolService-4] INFO  stepdefinitions.TC1_RegisterSteps - Navigating to URL: https://automationexercise.com
00:59:53.637 [TestNG-PoolService-3] INFO  stepdefinitions.TC1_RegisterSteps - Verifying home page is visible
00:59:53.637 [TestNG-PoolService-5] INFO  stepdefinitions.TC1_RegisterSteps - Verifying home page is visible
00:59:54.179 [TestNG-PoolService-3] INFO  stepdefinitions.TC1_RegisterSteps - Verifying home page is visible
00:59:54.183 [TestNG-PoolService-4] INFO  stepdefinitions.TC1_RegisterSteps - Verifying home page is visible
00:59:54.198 [TestNG-PoolService-5] INFO  stepdefinitions.TC1_RegisterSteps - Verifying home page is visible
00:59:54.747 [TestNG-PoolService-2] INFO  stepdefinitions.TC1_RegisterSteps - Verifying home page is visible
00:59:54.759 [TestNG-PoolService-2] INFO  stepdefinitions.TC1_RegisterSteps - Verifying home page is visible
00:59:54.822 [TestNG-PoolService-4] INFO  stepdefinitions.TC1_RegisterSteps - Verifying home page is visible
00:59:54.851 [TestNG-PoolService-1] INFO  stepdefinitions.TC1_RegisterSteps - Verifying home page is visible
00:59:54.923 [TestNG-PoolService-1] INFO  stepdefinitions.TC1_RegisterSteps - Verifying home page is visible
00:59:55.404 [TestNG-PoolService-4] INFO  stepdefinitions.TC1_RegisterSteps - Clicking Signup/Login button
00:59:55.441 [TestNG-PoolService-2] INFO  stepdefinitions.TC1_RegisterSteps - Clicking Signup/Login button
00:59:55.558 [TestNG-PoolService-1] INFO  stepdefinitions.TC1_RegisterSteps - User clicks on Products button
00:59:56.166 [TestNG-PoolService-5] INFO  stepdefinitions.TC5_RemoveFromCartSteps - User adds products to cart
00:59:56.273 [TestNG-PoolService-4] INFO  stepdefinitions.TC1_RegisterSteps - Clicking Signup/Login button
00:59:56.334 [TestNG-PoolService-2] INFO  stepdefinitions.TC1_RegisterSteps - Clicking Signup/Login button
00:59:56.346 [TestNG-PoolService-3] INFO  stepdefinitions.TC1_RegisterSteps - Clicking Signup/Login button
00:59:56.477 [TestNG-PoolService-3] INFO  stepdefinitions.TC1_RegisterSteps - Clicking Signup/Login button
00:59:56.489 [TestNG-PoolService-5] INFO  stepdefinitions.TC5_RemoveFromCartSteps - User adds products to cart
00:59:57.161 [TestNG-PoolService-1] INFO  stepdefinitions.TC1_RegisterSteps - User clicks on Products button
01:00:24.833 [TestNG-PoolService-1] INFO  stepdefinitions.TC1_RegisterSteps - User hovers over first product and adds it to cart
01:00:37.476 [TestNG-PoolService-2] INFO  stepdefinitions.TC1_RegisterSteps - verifing login to your account test is visible
01:00:39.133 [TestNG-PoolService-3] INFO  stepdefinitions.TC1_RegisterSteps - verifing login to your account test is visible
01:00:39.694 [TestNG-PoolService-1] INFO  stepdefinitions.TC1_RegisterSteps - User hovers over first product and adds it to cart
01:00:40.007 [TestNG-PoolService-4] INFO  stepdefinitions.TC1_RegisterSteps - Verifying New User Signup text
01:00:40.114 [TestNG-PoolService-4] INFO  stepdefinitions.TC1_RegisterSteps - Verifying New User Signup text
01:00:40.213 [TestNG-PoolService-2] INFO  stepdefinitions.TC1_RegisterSteps - entering incorrect eamil and password
01:00:40.242 [TestNG-PoolService-2] INFO  stepdefinitions.TC1_RegisterSteps - verifing login to your account test is visible
01:00:41.106 [TestNG-PoolService-4] INFO  stepdefinitions.TC1_RegisterSteps - Entering name and email
01:00:41.150 [TestNG-PoolService-3] INFO  stepdefinitions.TC1_RegisterSteps - entering eamil and password
01:00:41.371 [TestNG-PoolService-2] INFO  stepdefinitions.TC1_RegisterSteps - entering incorrect eamil and password
01:00:42.235 [TestNG-PoolService-4] INFO  stepdefinitions.TC1_RegisterSteps - Entering name and email
01:00:42.285 [TestNG-PoolService-3] INFO  stepdefinitions.TC1_RegisterSteps - verifing login to your account test is visible
01:00:42.762 [TestNG-PoolService-3] INFO  stepdefinitions.TC1_RegisterSteps - entering eamil and password
01:00:42.851 [TestNG-PoolService-4] INFO  stepdefinitions.TC1_RegisterSteps - Clicking Signup button
01:00:43.874 [TestNG-PoolService-3] INFO  stepdefinitions.TC1_RegisterSteps - clicks on login button
01:00:44.027 [TestNG-PoolService-2] INFO  stepdefinitions.TC1_RegisterSteps - clicks on login button
01:00:44.177 [TestNG-PoolService-4] INFO  stepdefinitions.TC1_RegisterSteps - Clicking Signup button
01:00:45.663 [TestNG-PoolService-3] INFO  stepdefinitions.TC1_RegisterSteps - clicks on login button
01:00:47.751 [TestNG-PoolService-2] INFO  stepdefinitions.TC1_RegisterSteps - clicks on login button
